<?xml version="1.0" encoding="UTF-8"?>
<testng-results ignored="0" total="1" passed="1" failed="0" skipped="0">
  <reporter-output>
  </reporter-output>
  <suite started-at="2024-01-12T16:08:44 BDT" name="Default suite" finished-at="2024-01-12T16:09:04 BDT" duration-ms="19163">
    <groups>
    </groups>
    <test started-at="2024-01-12T16:08:44 BDT" name="Default test" finished-at="2024-01-12T16:09:04 BDT" duration-ms="19163">
      <class name="allureReports.TestAllureReport">
        <test-method signature="setUp()[pri:0, instance:allureReports.TestAllureReport@68df9280]" started-at="2024-01-12T16:08:45 BDT" name="setUp" finished-at="2024-01-12T16:09:03 BDT" duration-ms="18756" status="PASS">
          <reporter-output>
          </reporter-output>
        </test-method> <!-- setUp -->
      </class> <!-- allureReports.TestAllureReport -->
    </test> <!-- Default test -->
  </suite> <!-- Default suite -->
</testng-results>
