<?xml version="1.0" encoding="UTF-8"?>
<testng-results ignored="0" total="3" passed="3" failed="0" skipped="0">
  <reporter-output>
  </reporter-output>
  <suite started-at="2023-10-03T21:20:18 BDT" name="DemoTestCase" finished-at="2023-10-03T21:20:18 BDT" duration-ms="314">
    <groups>
    </groups>
    <test started-at="2023-10-03T21:20:18 BDT" name="Dummy Test" finished-at="2023-10-03T21:20:18 BDT" duration-ms="95">
      <class name="basicTestng.TestRun_01">
        <test-method signature="testRun02()[pri:0, instance:basicTestng.TestRun_01@750e2b97]" started-at="2023-10-03T21:20:18 BDT" name="testRun02" finished-at="2023-10-03T21:20:18 BDT" duration-ms="18" status="PASS">
          <reporter-output>
          </reporter-output>
        </test-method> <!-- testRun02 -->
      </class> <!-- basicTestng.TestRun_01 -->
    </test> <!-- Dummy Test -->
    <test started-at="2023-10-03T21:20:18 BDT" name="Dummy Test-02" finished-at="2023-10-03T21:20:18 BDT" duration-ms="40">
      <class name="basicTestng.TestRun_02">
        <test-method signature="apiTesting()[pri:0, instance:basicTestng.TestRun_02@57a78e3]" started-at="2023-10-03T21:20:18 BDT" name="apiTesting" finished-at="2023-10-03T21:20:18 BDT" duration-ms="7" status="PASS">
          <reporter-output>
          </reporter-output>
        </test-method> <!-- apiTesting -->
        <test-method signature="testrun_03()[pri:0, instance:basicTestng.TestRun_02@57a78e3]" started-at="2023-10-03T21:20:18 BDT" name="testrun_03" finished-at="2023-10-03T21:20:18 BDT" duration-ms="7" status="PASS">
          <reporter-output>
          </reporter-output>
        </test-method> <!-- testrun_03 -->
      </class> <!-- basicTestng.TestRun_02 -->
    </test> <!-- Dummy Test-02 -->
  </suite> <!-- DemoTestCase -->
</testng-results>
