<?xml version="1.0" encoding="UTF-8"?>
<!-- Generated by org.testng.reporters.JUnitXMLReporter -->
<testsuite ignored="0" hostname="DESKTOP-4KRAEP9" failures="0" tests="3" name="Test" time="0.106" errors="0" timestamp="2023-10-03T16:12:32 BDT">
  <testcase classname="basicTestng.TestRun_01" name="testRun01" time="0.018"/>
  <testcase classname="basicTestng.TestRun_01" name="testRun02" time="0.005"/>
  <testcase classname="basicTestng.TestRun_02" name="testrun_03" time="0.003"/>
</testsuite> <!-- Test -->
