<?xml version="1.0" encoding="UTF-8"?>
<testng-results ignored="0" total="1" passed="1" failed="0" skipped="0">
  <reporter-output>
  </reporter-output>
  <suite started-at="2023-10-09T23:37:12 BDT" name="Default suite" finished-at="2023-10-09T23:37:15 BDT" duration-ms="3221">
    <groups>
    </groups>
    <test started-at="2023-10-09T23:37:12 BDT" name="Default test" finished-at="2023-10-09T23:37:15 BDT" duration-ms="3221">
      <class name="basicselenium.MouseActionsClick">
        <test-method is-config="true" signature="googleChromeDriverSetUp()[pri:0, instance:basicselenium.MouseActionsClick@6892b3b6]" started-at="2023-10-09T23:37:09 BDT" name="googleChromeDriverSetUp" finished-at="2023-10-09T23:37:12 BDT" duration-ms="2592" status="PASS">
          <reporter-output>
          </reporter-output>
        </test-method> <!-- googleChromeDriverSetUp -->
        <test-method signature="actionDemo()[pri:0, instance:basicselenium.MouseActionsClick@6892b3b6]" started-at="2023-10-09T23:37:12 BDT" name="actionDemo" finished-at="2023-10-09T23:37:15 BDT" duration-ms="3168" status="PASS">
          <reporter-output>
          </reporter-output>
        </test-method> <!-- actionDemo -->
        <test-method is-config="true" signature="closeSetup()[pri:0, instance:basicselenium.MouseActionsClick@6892b3b6]" started-at="2023-10-09T23:37:15 BDT" name="closeSetup" finished-at="2023-10-09T23:37:15 BDT" duration-ms="226" status="PASS">
          <reporter-output>
          </reporter-output>
        </test-method> <!-- closeSetup -->
      </class> <!-- basicselenium.MouseActionsClick -->
    </test> <!-- Default test -->
  </suite> <!-- Default suite -->
</testng-results>
