<?xml version="1.0" encoding="UTF-8"?>
<!-- Generated by org.testng.reporters.JUnitXMLReporter -->
<testsuite ignored="2" hostname="DESKTOP-4KRAEP9" failures="0" tests="2" name="Dummy Test-02" time="0.021" errors="0" timestamp="2023-10-03T21:21:19 BDT">
  <testcase classname="basicTestng.TestRun_02" name="apiTesting" time="0.004"/>
  <testcase classname="basicTestng.TestRun_02" name="testrun_03" time="0.004"/>
  <testcase classname="basicTestng.TestRun_02" name="weblogin" time="0.0">
    <ignored/>
  </testcase> <!-- weblogin -->
  <testcase classname="basicTestng.TestRun_02" name="moblielogin" time="0.0">
    <ignored/>
  </testcase> <!-- moblielogin -->
</testsuite> <!-- Dummy Test-02 -->
