<?xml version="1.0" encoding="UTF-8"?>
<!-- Generated by org.testng.reporters.JUnitXMLReporter -->
<testsuite ignored="1" hostname="DESKTOP-4KRAEP9" failures="0" tests="5" name="Dummy Test" time="0.131" errors="0" timestamp="2023-10-03T21:50:56 BDT">
  <testcase classname="basicTestng.TestRun_01" name="testRun01" time="0.019"/>
  <testcase classname="basicTestng.TestRun_02" name="apiTesting" time="0.002"/>
  <testcase classname="basicTestng.TestRun_02" name="moblielogin" time="0.003"/>
  <testcase classname="basicTestng.TestRun_02" name="testrun_03" time="0.003"/>
  <testcase classname="basicTestng.TestRun_02" name="weblogin" time="0.003"/>
  <testcase classname="basicTestng.TestRun_01" name="testRun02" time="0.0">
    <ignored/>
  </testcase> <!-- testRun02 -->
</testsuite> <!-- Dummy Test -->
